2026-02-15 20:24:51,826 - INFO - Pipeline started
2026-02-15 20:24:51,826 - INFO - Installing dependencies
2026-02-15 20:26:09,512 - INFO - Pipeline started
2026-02-15 20:26:09,512 - INFO - Installing dependencies
2026-02-15 20:26:09,705 - INFO - Running pytest
2026-02-15 20:31:46,878 - INFO - Pipeline started
2026-02-15 20:31:46,878 - INFO - Installing dependencies
2026-02-15 20:31:47,085 - INFO - Running pytest
2026-02-15 20:31:47,714 - INFO - Running unittest
2026-02-15 20:31:47,792 - INFO - Building project
2026-02-15 20:31:47,796 - INFO - Deploying project
2026-02-15 20:31:47,796 - INFO - Pipeline completed successfully
2026-02-15 20:34:01,486 - INFO - Pipeline started
2026-02-15 20:34:01,486 - INFO - Installing dependencies
2026-02-15 20:34:01,677 - INFO - Running pytest
2026-02-15 20:34:02,256 - INFO - Running unittest
2026-02-15 20:34:02,349 - INFO - Building project
2026-02-15 20:34:02,355 - INFO - Deploying project
2026-02-15 20:34:02,355 - INFO - Pipeline completed successfully
2026-02-15 20:34:02,385 - INFO - Pipeline started
2026-02-15 20:34:02,385 - INFO - Installing dependencies
2026-02-15 20:34:02,592 - INFO - Running pytest
2026-02-15 20:34:02,865 - INFO - Running unittest
2026-02-15 20:34:02,938 - INFO - Building project
2026-02-15 20:34:02,943 - INFO - Deploying project
2026-02-15 20:34:02,943 - INFO - Pipeline completed successfully
2026-02-15 20:34:02,970 - INFO - Pipeline started
2026-02-15 20:34:02,970 - INFO - Installing dependencies
2026-02-15 20:34:03,153 - INFO - Running pytest
2026-02-15 20:34:03,799 - INFO - Running unittest
2026-02-15 20:34:03,874 - INFO - Building project
2026-02-15 20:34:03,878 - INFO - Deploying project
2026-02-15 20:34:03,878 - INFO - Pipeline completed successfully
2026-02-15 20:34:03,904 - INFO - Pipeline started
2026-02-15 20:34:03,904 - INFO - Installing dependencies
2026-02-15 20:34:04,086 - INFO - Running pytest
2026-02-15 20:34:04,466 - INFO - Running unittest
2026-02-15 20:34:04,541 - INFO - Building project
2026-02-15 20:34:04,545 - INFO - Deploying project
2026-02-15 20:34:04,546 - INFO - Pipeline completed successfully
2026-02-15 20:34:04,572 - INFO - Pipeline started
2026-02-15 20:34:04,572 - INFO - Installing dependencies
2026-02-15 20:34:04,757 - INFO - Running pytest
2026-02-15 20:34:05,032 - INFO - Running unittest
2026-02-15 20:34:05,104 - INFO - Building project
2026-02-15 20:34:05,108 - INFO - Deploying project
2026-02-15 20:34:05,108 - INFO - Pipeline completed successfully
2026-02-16 10:37:07,243 - INFO - Pipeline started
2026-02-16 10:37:07,243 - INFO - Installing dependencies
2026-02-16 10:37:08,145 - INFO - Running pytest
2026-02-16 10:37:08,611 - INFO - Running unittest
2026-02-16 10:37:08,871 - INFO - Building project
2026-02-16 10:37:08,906 - INFO - Deploying project
2026-02-16 10:37:08,930 - INFO - Pipeline completed successfully
2026-02-16 10:50:50,299 - INFO - Pipeline started
2026-02-16 10:50:50,299 - INFO - Installing dependencies
2026-02-16 10:50:51,084 - INFO - Running pytest
2026-02-16 10:50:51,476 - INFO - Running unittest
2026-02-16 10:50:51,741 - INFO - Building project
2026-02-16 10:50:51,748 - INFO - Deploying project
2026-02-16 10:50:51,771 - INFO - Pipeline completed successfully
2026-02-16 10:51:47,741 - INFO - Pipeline started
2026-02-16 10:51:47,741 - INFO - Installing dependencies
2026-02-16 10:52:08,135 - INFO - Running pytest
2026-02-16 10:52:10,371 - INFO - Pipeline started
2026-02-16 10:52:10,371 - INFO - Installing dependencies
2026-02-16 10:52:11,364 - INFO - Running pytest
2026-02-16 10:52:12,535 - INFO - Pipeline started
2026-02-16 10:52:12,535 - INFO - Installing dependencies
2026-02-16 10:52:13,996 - INFO - Running pytest
2026-02-16 10:52:15,541 - INFO - Pipeline started
2026-02-16 10:52:15,541 - INFO - Installing dependencies
2026-02-16 10:52:16,883 - INFO - Running pytest
2026-02-16 10:52:18,334 - INFO - Pipeline started
2026-02-16 10:52:18,334 - INFO - Installing dependencies
2026-02-16 10:52:19,580 - INFO - Running pytest
2026-02-16 10:52:21,152 - INFO - Pipeline started
2026-02-16 10:52:21,152 - INFO - Installing dependencies
2026-02-16 10:52:22,461 - INFO - Running pytest
2026-02-16 10:52:46,457 - INFO - Pipeline started
2026-02-16 10:52:46,457 - INFO - Installing dependencies
2026-02-16 10:52:47,480 - INFO - Running pytest
2026-02-16 10:52:48,743 - INFO - Running unittest
2026-02-16 10:52:49,324 - INFO - Building project
2026-02-16 10:52:49,339 - INFO - Deploying project
2026-02-16 10:52:49,369 - INFO - Pipeline completed successfully
2026-02-16 10:52:49,485 - INFO - Pipeline started
2026-02-16 10:52:49,485 - INFO - Installing dependencies
2026-02-16 10:52:51,379 - INFO - Running pytest
2026-02-16 10:52:52,722 - INFO - Running unittest
2026-02-16 10:52:53,386 - INFO - Building project
2026-02-16 10:52:53,400 - INFO - Deploying project
2026-02-16 10:52:53,440 - INFO - Pipeline completed successfully
2026-02-16 10:52:53,561 - INFO - Pipeline started
2026-02-16 10:52:53,561 - INFO - Installing dependencies
2026-02-16 10:52:54,898 - INFO - Running pytest
2026-02-16 10:52:56,167 - INFO - Running unittest
2026-02-16 10:52:56,714 - INFO - Building project
2026-02-16 10:52:56,727 - INFO - Deploying project
2026-02-16 10:52:56,762 - INFO - Pipeline completed successfully
2026-02-16 10:52:56,857 - INFO - Pipeline started
2026-02-16 10:52:56,857 - INFO - Installing dependencies
2026-02-16 10:52:58,083 - INFO - Running pytest
2026-02-16 10:52:59,216 - INFO - Running unittest
2026-02-16 10:52:59,693 - INFO - Building project
2026-02-16 10:52:59,707 - INFO - Deploying project
2026-02-16 10:52:59,746 - INFO - Pipeline completed successfully
2026-02-16 10:52:59,841 - INFO - Pipeline started
2026-02-16 10:52:59,842 - INFO - Installing dependencies
2026-02-16 10:53:01,007 - INFO - Running pytest
2026-02-16 10:53:02,091 - INFO - Running unittest
2026-02-16 10:53:02,695 - INFO - Building project
2026-02-16 10:53:02,713 - INFO - Deploying project
2026-02-16 10:53:02,745 - INFO - Pipeline completed successfully
2026-02-16 10:53:02,858 - INFO - Pipeline started
2026-02-16 10:53:02,859 - INFO - Installing dependencies
2026-02-16 10:53:04,160 - INFO - Running pytest
2026-02-16 10:53:05,198 - INFO - Running unittest
2026-02-16 10:53:05,624 - INFO - Building project
2026-02-16 10:53:05,633 - INFO - Deploying project
2026-02-16 10:53:05,659 - INFO - Pipeline completed successfully
2026-02-16 10:53:47,079 - INFO - Pipeline started
2026-02-16 10:53:47,079 - INFO - Installing dependencies
2026-02-16 10:53:47,783 - INFO - Running pytest
2026-02-16 10:53:48,624 - INFO - Installing dependencies
2026-02-16 10:53:49,384 - INFO - Running pytest
2026-02-16 10:53:50,306 - INFO - Pipeline started
2026-02-16 10:53:50,306 - INFO - Installing dependencies
2026-02-16 10:53:51,141 - INFO - Running pytest
2026-02-16 10:53:51,980 - INFO - Pipeline started
2026-02-16 10:53:51,980 - INFO - Installing dependencies
2026-02-16 10:53:52,707 - INFO - Running pytest
2026-02-16 10:53:53,710 - INFO - Pipeline started
2026-02-16 10:53:53,710 - INFO - Installing dependencies
2026-02-16 10:53:54,877 - INFO - Running pytest
2026-02-16 10:53:56,270 - INFO - Pipeline started
2026-02-16 10:53:56,270 - INFO - Installing dependencies
2026-02-16 10:53:57,842 - INFO - Running pytest
2026-02-16 10:53:59,412 - INFO - Pipeline started
2026-02-16 10:53:59,412 - INFO - Installing dependencies
2026-02-16 10:54:00,804 - INFO - Running pytest
2026-02-16 10:54:49,876 - INFO - Pipeline started
2026-02-16 10:54:49,877 - INFO - Installing dependencies
2026-02-16 10:54:50,614 - INFO - Running pytest
2026-02-16 10:54:51,318 - INFO - Running unittest
2026-02-16 10:54:51,589 - INFO - Building project
2026-02-16 10:54:51,597 - INFO - Deploying project
2026-02-16 10:54:51,621 - INFO - Pipeline completed successfully
2026-02-16 10:54:51,680 - INFO - Pipeline started
2026-02-16 10:54:51,680 - INFO - Installing dependencies
2026-02-16 10:54:52,426 - INFO - Running pytest
2026-02-16 10:54:53,208 - INFO - Running unittest
2026-02-16 10:54:53,480 - INFO - Building project
2026-02-16 10:54:53,487 - INFO - Deploying project
2026-02-16 10:54:53,509 - INFO - Pipeline completed successfully
2026-02-16 10:54:53,557 - INFO - Pipeline started
2026-02-16 10:54:53,557 - INFO - Installing dependencies
2026-02-16 10:54:54,248 - INFO - Running pytest
2026-02-16 10:54:54,974 - INFO - Running unittest
2026-02-16 10:54:55,247 - INFO - Building project
2026-02-16 10:54:55,257 - INFO - Deploying project
2026-02-16 10:54:55,280 - INFO - Pipeline completed successfully
2026-02-16 10:54:55,337 - INFO - Pipeline started
2026-02-16 10:54:55,337 - INFO - Installing dependencies
2026-02-16 10:54:56,060 - INFO - Running pytest
2026-02-16 10:54:56,723 - INFO - Running unittest
2026-02-16 10:54:57,003 - INFO - Building project
2026-02-16 10:54:57,006 - INFO - Deploying project
2026-02-16 10:54:57,030 - INFO - Pipeline completed successfully
2026-02-16 10:54:57,088 - INFO - Pipeline started
2026-02-16 10:54:57,088 - INFO - Installing dependencies
2026-02-16 10:54:57,796 - INFO - Running pytest
2026-02-16 10:54:58,480 - INFO - Running unittest
2026-02-16 10:54:58,744 - INFO - Building project
2026-02-16 10:54:58,750 - INFO - Deploying project
2026-02-16 10:54:58,776 - INFO - Pipeline completed successfully
2026-02-16 10:54:58,839 - INFO - Pipeline started
2026-02-16 10:54:58,840 - INFO - Installing dependencies
2026-02-16 10:54:59,536 - INFO - Running pytest
2026-02-16 10:55:00,231 - INFO - Running unittest
2026-02-16 10:55:00,497 - INFO - Building project
2026-02-16 10:55:00,506 - INFO - Deploying project
2026-02-16 10:55:00,529 - INFO - Pipeline completed successfully
2026-02-16 10:55:00,583 - INFO - Pipeline started
2026-02-16 10:55:00,584 - INFO - Installing dependencies
2026-02-16 10:55:01,308 - INFO - Running pytest
2026-02-16 10:55:02,163 - INFO - Running unittest
2026-02-16 10:55:02,549 - INFO - Building project
2026-02-16 10:55:02,560 - INFO - Deploying project
2026-02-16 10:55:02,587 - INFO - Pipeline completed successfully
2026-02-16 10:56:59,091 - INFO - Pipeline started
2026-02-16 10:56:59,091 - INFO - Installing dependencies
2026-02-16 10:56:59,821 - INFO - Running pytest
2026-02-16 10:57:00,755 - INFO - Pipeline started
2026-02-16 10:57:00,756 - INFO - Installing dependencies
2026-02-16 10:57:01,506 - INFO - Running pytest
2026-02-16 10:57:02,391 - INFO - Pipeline started
2026-02-16 10:57:02,391 - INFO - Installing dependencies
2026-02-16 10:57:03,138 - INFO - Running pytest
2026-02-16 10:57:03,961 - INFO - Pipeline started
2026-02-16 10:57:03,961 - INFO - Installing dependencies
2026-02-16 10:57:04,658 - INFO - Running pytest
2026-02-16 10:57:05,577 - INFO - Pipeline started
2026-02-16 10:57:05,577 - INFO - Installing dependencies
2026-02-16 10:57:06,286 - INFO - Running pytest
2026-02-16 10:57:07,093 - INFO - Pipeline started
2026-02-16 10:57:07,093 - INFO - Installing dependencies
2026-02-16 10:57:07,779 - INFO - Running pytest
2026-02-16 10:57:08,602 - INFO - Pipeline started
2026-02-16 10:57:08,602 - INFO - Installing dependencies
2026-02-16 10:57:09,298 - INFO - Running pytest
2026-02-16 10:57:12,795 - INFO - Pipeline started
2026-02-16 10:57:12,795 - INFO - Installing dependencies
2026-02-16 10:57:13,728 - INFO - Running pytest
2026-02-16 10:57:14,756 - INFO - Running unittest
2026-02-16 10:57:15,193 - INFO - Building project
2026-02-16 10:57:15,205 - INFO - Deploying project
2026-02-16 10:57:15,240 - INFO - Pipeline completed successfully
2026-02-16 10:57:15,323 - INFO - Pipeline started
2026-02-16 10:57:15,323 - INFO - Installing dependencies
2026-02-16 10:57:16,643 - INFO - Running pytest
2026-02-16 10:57:17,750 - INFO - Running unittest
2026-02-16 10:57:18,170 - INFO - Building project
2026-02-16 10:57:18,183 - INFO - Deploying project
2026-02-16 10:57:18,222 - INFO - Pipeline completed successfully
2026-02-16 10:57:18,307 - INFO - Pipeline started
2026-02-16 10:57:18,307 - INFO - Installing dependencies
2026-02-16 10:57:19,475 - INFO - Running pytest
2026-02-16 10:57:20,794 - INFO - Running unittest
2026-02-16 10:57:21,241 - INFO - Building project
2026-02-16 10:57:21,257 - INFO - Deploying project
2026-02-16 10:57:21,284 - INFO - Pipeline completed successfully
2026-02-16 10:57:21,368 - INFO - Pipeline started
2026-02-16 10:57:21,370 - INFO - Installing dependencies
2026-02-16 10:57:22,501 - INFO - Running pytest
2026-02-16 10:57:23,721 - INFO - Running unittest
2026-02-16 10:57:24,191 - INFO - Building project
2026-02-16 10:57:24,203 - INFO - Deploying project
2026-02-16 10:57:24,237 - INFO - Pipeline completed successfully
2026-02-16 10:57:24,324 - INFO - Pipeline started
2026-02-16 10:57:24,324 - INFO - Installing dependencies
2026-02-16 10:57:25,413 - INFO - Running pytest
2026-02-16 10:57:26,440 - INFO - Running unittest
2026-02-16 10:57:26,913 - INFO - Building project
2026-02-16 10:57:26,925 - INFO - Deploying project
2026-02-16 10:57:26,971 - INFO - Pipeline completed successfully
2026-02-16 10:57:27,060 - INFO - Pipeline started
2026-02-16 10:57:27,060 - INFO - Installing dependencies
2026-02-16 10:57:28,113 - INFO - Running pytest
2026-02-16 10:57:29,080 - INFO - Running unittest
2026-02-16 10:57:29,495 - INFO - Building project
2026-02-16 10:57:29,506 - INFO - Deploying project
2026-02-16 10:57:29,542 - INFO - Pipeline completed successfully
2026-02-16 10:57:29,622 - INFO - Pipeline started
2026-02-16 10:57:29,622 - INFO - Installing dependencies
2026-02-16 10:57:30,873 - INFO - Running pytest
2026-02-16 10:57:31,959 - INFO - Running unittest
2026-02-16 10:57:32,354 - INFO - Building project
2026-02-16 10:57:32,362 - INFO - Deploying project
2026-02-16 10:57:32,405 - INFO - Pipeline completed successfully
2026-02-16 10:58:01,979 - INFO - Pipeline started
2026-02-16 10:58:01,979 - INFO - Installing dependencies
2026-02-16 10:58:02,756 - INFO - Running pytest
2026-02-16 10:58:03,106 - INFO - Running unittest
2026-02-16 10:58:03,361 - INFO - Building project
2026-02-16 10:58:03,370 - INFO - Deploying project
2026-02-16 10:58:03,380 - INFO - Pipeline completed successfully
2026-02-16 10:58:03,441 - INFO - Pipeline started
2026-02-16 10:58:03,441 - INFO - Installing dependencies
2026-02-16 10:58:04,184 - INFO - Running pytest
2026-02-16 10:58:04,536 - INFO - Running unittest
2026-02-16 10:58:04,786 - INFO - Building project
2026-02-16 10:58:04,794 - INFO - Deploying project
2026-02-16 10:58:04,816 - INFO - Pipeline completed successfully
2026-02-16 10:58:04,875 - INFO - Pipeline started
2026-02-16 10:58:04,875 - INFO - Installing dependencies
2026-02-16 10:58:05,607 - INFO - Running pytest
2026-02-16 10:58:06,006 - INFO - Running unittest
2026-02-16 10:58:06,371 - INFO - Building project
2026-02-16 10:58:06,383 - INFO - Deploying project
2026-02-16 10:58:06,417 - INFO - Pipeline completed successfully
2026-02-16 10:58:06,517 - INFO - Pipeline started
2026-02-16 10:58:06,517 - INFO - Installing dependencies
2026-02-16 10:58:07,570 - INFO - Running pytest
2026-02-16 10:58:08,139 - INFO - Running unittest
2026-02-16 10:58:08,545 - INFO - Building project
2026-02-16 10:58:08,556 - INFO - Deploying project
2026-02-16 10:58:08,599 - INFO - Pipeline completed successfully
2026-02-16 10:58:08,694 - INFO - Pipeline started
2026-02-16 10:58:08,694 - INFO - Installing dependencies
2026-02-16 10:58:09,886 - INFO - Running pytest
2026-02-16 10:58:10,489 - INFO - Running unittest
2026-02-16 10:58:10,913 - INFO - Building project
2026-02-16 10:58:10,928 - INFO - Deploying project
2026-02-16 10:58:10,955 - INFO - Pipeline completed successfully
2026-02-16 12:22:52,924 - INFO - Pipeline started
2026-02-16 12:22:52,927 - INFO - Installing dependencies
2026-02-16 12:23:46,842 - INFO - Running pytest
2026-02-16 12:23:50,364 - INFO - Running unittest
2026-02-16 12:23:51,806 - INFO - Building project
2026-02-16 12:23:51,875 - INFO - Deploying project
2026-02-16 12:23:51,906 - INFO - Pipeline completed successfully
